c:\users\lenovo\low level game stuff\opengl_tutorials\x64\debug\vc143.pdb
c:\users\lenovo\low level game stuff\opengl_tutorials\x64\debug\vc143.idb
c:\users\lenovo\low level game stuff\opengl_tutorials\x64\debug\glad.obj
c:\users\lenovo\low level game stuff\opengl_tutorials\x64\debug\vbo.obj
c:\users\lenovo\low level game stuff\opengl_tutorials\x64\debug\vao.obj
c:\users\lenovo\low level game stuff\opengl_tutorials\x64\debug\shaderclass.obj
c:\users\lenovo\low level game stuff\opengl_tutorials\x64\debug\ibo.obj
c:\users\lenovo\low level game stuff\opengl_tutorials\x64\debug\main.obj
c:\users\lenovo\low level game stuff\opengl_tutorials\x64\debug\stb.obj
c:\users\lenovo\low level game stuff\opengl_tutorials\x64\debug\texture.obj
c:\users\lenovo\low level game stuff\opengl_tutorials\x64\debug\camera.obj
c:\users\lenovo\low level game stuff\opengl_tutorials\x64\debug\opengl_tutorials.exe
c:\users\lenovo\low level game stuff\opengl_tutorials\x64\debug\opengl_tutorials.ilk
c:\users\lenovo\low level game stuff\opengl_tutorials\x64\debug\opengl_tutorials.pdb
c:\users\lenovo\low level game stuff\opengl_tutorials\x64\debug\opengl_tutorials.tlog\cl.command.1.tlog
c:\users\lenovo\low level game stuff\opengl_tutorials\x64\debug\opengl_tutorials.tlog\cl.read.1.tlog
c:\users\lenovo\low level game stuff\opengl_tutorials\x64\debug\opengl_tutorials.tlog\cl.write.1.tlog
c:\users\lenovo\low level game stuff\opengl_tutorials\x64\debug\opengl_tutorials.tlog\link.command.1.tlog
c:\users\lenovo\low level game stuff\opengl_tutorials\x64\debug\opengl_tutorials.tlog\link.read.1.tlog
c:\users\lenovo\low level game stuff\opengl_tutorials\x64\debug\opengl_tutorials.tlog\link.write.1.tlog
